<?xml version="1.0" encoding="UTF-8"?>
<!-- Generated by org.testng.reporters.JUnitReportReporter -->
<testsuite skipped="0" hostname="DESKTOP-LCI2JQ2" name="TestPackage.TestDemo" tests="1" failures="0" timestamp="23 May 2020 16:19:10 GMT" time="29.008" errors="0">
  <testcase name="setup" time="29.008" classname="TestPackage.TestDemo"/>
</testsuite> <!-- TestPackage.TestDemo -->
